SF:/workspaces/dotnet-2/SNS.EventChannel/EventChannel.cs
FN:14,System.Type SNS.EventChannel.EventChannel`1::get_EventType()
FNDA:8,System.Type SNS.EventChannel.EventChannel`1::get_EventType()
DA:15,8
FN:89,System.Threading.Channels.ChannelReader`1<T> SNS.EventChannel.EventChannel`1::GetReader()
FNDA:8,System.Threading.Channels.ChannelReader`1<T> SNS.EventChannel.EventChannel`1::GetReader()
DA:90,8
DA:91,8
DA:92,8
FN:22,System.Void SNS.EventChannel.EventChannel`1::.ctor(System.Int32)
FNDA:20,System.Void SNS.EventChannel.EventChannel`1::.ctor(System.Int32)
DA:23,20
DA:24,20
DA:25,20
DA:26,20
DA:27,20
DA:28,20
DA:29,20
DA:30,20
FN:64,System.Void SNS.EventChannel.EventChannel`1/<ClearAsync>d__7::MoveNext()
FNDA:0,System.Void SNS.EventChannel.EventChannel`1/<ClearAsync>d__7::MoveNext()
DA:65,0
DA:66,0
DA:67,0
DA:68,0
FN:73,System.Void SNS.EventChannel.EventChannel`1/<DisposeAsync>d__8::MoveNext()
FNDA:0,System.Void SNS.EventChannel.EventChannel`1/<DisposeAsync>d__8::MoveNext()
DA:74,0
DA:75,0
DA:76,0
DA:77,0
DA:78,0
DA:80,0
DA:82,0
DA:83,0
BRDA:75,36,0,0
BRDA:75,36,1,0
FN:52,System.Void SNS.EventChannel.EventChannel`1/<WriteAllAsync>d__6::MoveNext()
FNDA:4,System.Void SNS.EventChannel.EventChannel`1/<WriteAllAsync>d__6::MoveNext()
DA:53,4
DA:54,52
DA:55,20
DA:56,20
DA:57,20
DA:58,4
BRDA:54,201,1,20
BRDA:54,201,0,4
FN:38,System.Void SNS.EventChannel.EventChannel`1/<WriteAsync>d__5::MoveNext()
FNDA:28,System.Void SNS.EventChannel.EventChannel`1/<WriteAsync>d__5::MoveNext()
DA:39,28
DA:40,28
DA:41,28
DA:42,28
DA:44,0
DA:45,28
BRDA:40,150,0,28
BRDA:40,150,1,0
LF:36
LH:23
BRF:6
BRH:3
FNF:7
FNH:5
end_of_record
SF:/workspaces/dotnet-2/SNS.EventChannel/EventChannelConfiguration.cs
FN:14,System.String SNS.EventChannel.EventChannelConfig::get_TopicArn()
FNDA:48,System.String SNS.EventChannel.EventChannelConfig::get_TopicArn()
DA:15,48
FN:19,System.Type SNS.EventChannel.EventChannelConfig::get_EventType()
FNDA:52,System.Type SNS.EventChannel.EventChannelConfig::get_EventType()
DA:20,52
FN:24,System.Int32 SNS.EventChannel.EventChannelConfig::get_MaxRetryAttempts()
FNDA:48,System.Int32 SNS.EventChannel.EventChannelConfig::get_MaxRetryAttempts()
DA:25,48
FN:29,System.Int32 SNS.EventChannel.EventChannelConfig::get_BoundedCapacity()
FNDA:48,System.Int32 SNS.EventChannel.EventChannelConfig::get_BoundedCapacity()
DA:30,48
FN:34,System.String SNS.EventChannel.EventChannelConfig::get_RegionName()
FNDA:24,System.String SNS.EventChannel.EventChannelConfig::get_RegionName()
DA:35,24
FN:39,Amazon.RegionEndpoint SNS.EventChannel.EventChannelConfig::get_RegionEndpoint()
FNDA:24,Amazon.RegionEndpoint SNS.EventChannel.EventChannelConfig::get_RegionEndpoint()
DA:40,24
FN:44,System.String SNS.EventChannel.EventChannelConfig::get_ServiceUrl()
FNDA:24,System.String SNS.EventChannel.EventChannelConfig::get_ServiceUrl()
DA:45,24
FN:55,System.Collections.Generic.List`1<SNS.EventChannel.EventChannelConfig> SNS.EventChannel.EventChannelConfiguration::get_Channels()
FNDA:68,System.Collections.Generic.List`1<SNS.EventChannel.EventChannelConfig> SNS.EventChannel.EventChannelConfiguration::get_Channels()
DA:56,68
FN:61,SNS.EventChannel.EventChannelConfiguration SNS.EventChannel.EventChannelConfiguration::AddChannel(System.String,System.Int32,System.Int32)
FNDA:16,SNS.EventChannel.EventChannelConfiguration SNS.EventChannel.EventChannelConfiguration::AddChannel(System.String,System.Int32,System.Int32)
DA:62,16
DA:63,16
DA:64,16
DA:65,16
DA:66,16
DA:67,16
DA:68,16
DA:69,16
DA:71,16
DA:72,16
LF:18
LH:18
BRF:0
BRH:0
FNF:9
FNH:9
end_of_record
SF:/workspaces/dotnet-2/SNS.EventChannel/EventChannelExtensions.cs
FN:21,Microsoft.Extensions.DependencyInjection.IServiceCollection SNS.EventChannel.EventChannelExtensions::AddEventRaiser(Microsoft.Extensions.DependencyInjection.IServiceCollection)
FNDA:0,Microsoft.Extensions.DependencyInjection.IServiceCollection SNS.EventChannel.EventChannelExtensions::AddEventRaiser(Microsoft.Extensions.DependencyInjection.IServiceCollection)
DA:22,0
DA:24,0
DA:26,0
DA:27,0
FN:38,Microsoft.Extensions.DependencyInjection.IServiceCollection SNS.EventChannel.EventChannelExtensions::AddEventChannel(Microsoft.Extensions.DependencyInjection.IServiceCollection,System.Action`1<SNS.EventChannel.EventChannelConfig>)
FNDA:0,Microsoft.Extensions.DependencyInjection.IServiceCollection SNS.EventChannel.EventChannelExtensions::AddEventChannel(Microsoft.Extensions.DependencyInjection.IServiceCollection,System.Action`1<SNS.EventChannel.EventChannelConfig>)
DA:39,0
DA:40,0
DA:41,0
DA:44,0
DA:45,0
DA:46,0
DA:47,0
DA:48,0
DA:49,0
DA:50,0
DA:51,0
DA:52,0
DA:53,0
DA:54,0
DA:55,0
DA:56,0
DA:57,0
DA:58,0
DA:59,0
DA:60,0
DA:61,0
DA:62,0
DA:63,0
DA:64,0
DA:65,0
DA:68,0
DA:69,0
DA:70,0
DA:71,0
DA:72,0
DA:75,0
DA:76,0
DA:77,0
DA:78,0
DA:79,0
DA:80,0
DA:81,0
DA:83,0
DA:84,0
BRDA:71,76,0,0
BRDA:71,76,1,0
BRDA:49,28,0,0
BRDA:49,28,1,0
BRDA:53,73,0,0
BRDA:53,73,1,0
BRDA:59,116,0,0
BRDA:59,116,1,0
LF:43
LH:0
BRF:8
BRH:0
FNF:2
FNH:0
end_of_record
SF:/workspaces/dotnet-2/SNS.EventChannel/EventChannelWorker.cs
FN:55,Polly.Retry.AsyncRetryPolicy`1<Amazon.SimpleNotificationService.Model.PublishBatchResponse> SNS.EventChannel.EventChannelWorker`1::CreateResiliencyPolicy(System.Int32)
FNDA:0,Polly.Retry.AsyncRetryPolicy`1<Amazon.SimpleNotificationService.Model.PublishBatchResponse> SNS.EventChannel.EventChannelWorker`1::CreateResiliencyPolicy(System.Int32)
DA:56,0
DA:58,0
DA:59,0
DA:60,0
DA:61,0
DA:62,0
DA:63,0
DA:64,0
DA:65,0
DA:66,0
DA:67,0
DA:68,0
DA:69,0
DA:70,0
DA:71,0
DA:72,0
DA:73,0
DA:74,0
DA:75,0
DA:77,0
DA:78,0
BRDA:58,17,0,0
BRDA:58,17,1,0
BRDA:58,54,0,0
BRDA:58,54,1,0
BRDA:62,11,0,0
BRDA:62,11,1,0
FN:195,System.String SNS.EventChannel.EventChannelWorker`1::SerializeMessage(T)
FNDA:0,System.String SNS.EventChannel.EventChannelWorker`1::SerializeMessage(T)
DA:196,0
DA:198,0
DA:199,0
DA:201,0
DA:202,0
DA:203,0
DA:204,0
DA:206,0
FN:215,System.Threading.Tasks.Task SNS.EventChannel.EventChannelWorker`1::StartAsync(System.Threading.CancellationToken)
FNDA:0,System.Threading.Tasks.Task SNS.EventChannel.EventChannelWorker`1::StartAsync(System.Threading.CancellationToken)
DA:216,0
DA:217,0
DA:220,0
DA:223,0
DA:226,0
DA:227,0
FN:153,Amazon.SimpleNotificationService.Model.PublishBatchRequestEntry SNS.EventChannel.EventChannelWorker`1::<PublishBatchToSnsAsync>b__10_0(T,System.Int32)
FNDA:0,Amazon.SimpleNotificationService.Model.PublishBatchRequestEntry SNS.EventChannel.EventChannelWorker`1::<PublishBatchToSnsAsync>b__10_0(T,System.Int32)
DA:154,0
DA:155,0
DA:156,0
DA:157,0
DA:158,0
FN:33,System.Void SNS.EventChannel.EventChannelWorker`1::.ctor(SNS.EventChannel.EventChannel`1<T>,Amazon.SimpleNotificationService.IAmazonSimpleNotificationService,System.String,Microsoft.Extensions.Logging.ILogger`1<SNS.EventChannel.EventChannelWorker`1<T>>,System.Int32)
FNDA:0,System.Void SNS.EventChannel.EventChannelWorker`1::.ctor(SNS.EventChannel.EventChannel`1<T>,Amazon.SimpleNotificationService.IAmazonSimpleNotificationService,System.String,Microsoft.Extensions.Logging.ILogger`1<SNS.EventChannel.EventChannelWorker`1<T>>,System.Int32)
DA:34,0
DA:35,0
DA:36,0
DA:37,0
DA:38,0
DA:39,0
DA:40,0
DA:41,0
DA:42,0
DA:43,0
DA:44,0
DA:47,0
DA:49,0
DA:50,0
BRDA:41,11,0,0
BRDA:41,11,1,0
BRDA:42,33,0,0
BRDA:42,33,1,0
BRDA:43,55,0,0
BRDA:43,55,1,0
BRDA:44,78,0,0
BRDA:44,78,1,0
FN:163,System.Void SNS.EventChannel.EventChannelWorker`1/<>c__DisplayClass10_0/<<PublishBatchToSnsAsync>b__1>d::MoveNext()
FNDA:0,System.Void SNS.EventChannel.EventChannelWorker`1/<>c__DisplayClass10_0/<<PublishBatchToSnsAsync>b__1>d::MoveNext()
DA:164,0
FN:137,System.Void SNS.EventChannel.EventChannelWorker`1/<>c__DisplayClass9_0/<<ProcessBatchAsync>b__0>d::MoveNext()
FNDA:0,System.Void SNS.EventChannel.EventChannelWorker`1/<>c__DisplayClass9_0/<<ProcessBatchAsync>b__0>d::MoveNext()
DA:138,0
FN:135,System.Void SNS.EventChannel.EventChannelWorker`1/<ProcessBatchAsync>d__9::MoveNext()
FNDA:0,System.Void SNS.EventChannel.EventChannelWorker`1/<ProcessBatchAsync>d__9::MoveNext()
DA:136,0
DA:137,0
DA:140,0
DA:141,0
FN:83,System.Void SNS.EventChannel.EventChannelWorker`1/<ProcessChannelAsync>d__8::MoveNext()
FNDA:0,System.Void SNS.EventChannel.EventChannelWorker`1/<ProcessChannelAsync>d__8::MoveNext()
DA:84,0
DA:85,0
DA:86,0
DA:89,0
DA:90,0
DA:91,0
DA:92,0
DA:94,0
DA:95,0
DA:96,0
DA:99,0
DA:100,0
DA:101,0
DA:102,0
DA:104,0
DA:105,0
DA:106,0
DA:107,0
DA:108,0
DA:109,0
DA:112,0
DA:113,0
DA:114,0
DA:115,0
DA:116,0
DA:117,0
DA:118,0
DA:119,0
DA:120,0
DA:121,0
DA:123,0
DA:124,0
DA:125,0
DA:126,0
DA:127,0
DA:128,0
DA:130,0
BRDA:91,746,1,0
BRDA:94,140,0,0
BRDA:99,177,0,0
BRDA:99,177,1,0
BRDA:99,200,0,0
BRDA:101,224,0,0
BRDA:101,224,1,0
BRDA:99,200,1,0
BRDA:94,140,1,0
BRDA:112,432,0,0
BRDA:112,432,1,0
BRDA:91,746,0,0
FN:146,System.Void SNS.EventChannel.EventChannelWorker`1/<PublishBatchToSnsAsync>d__10::MoveNext()
FNDA:0,System.Void SNS.EventChannel.EventChannelWorker`1/<PublishBatchToSnsAsync>d__10::MoveNext()
DA:147,0
DA:149,0
DA:150,0
DA:151,0
DA:152,0
DA:153,0
DA:159,0
DA:160,0
DA:163,0
DA:165,0
DA:166,0
DA:169,0
DA:170,0
DA:171,0
DA:172,0
DA:175,0
DA:176,0
DA:177,0
DA:178,0
DA:179,0
DA:180,0
DA:181,0
DA:182,0
DA:183,0
DA:184,0
DA:185,0
DA:186,0
DA:187,0
DA:188,0
BRDA:169,303,0,0
BRDA:169,303,1,0
BRDA:175,382,0,0
BRDA:177,520,1,0
BRDA:177,520,0,0
BRDA:175,382,1,0
FN:233,System.Void SNS.EventChannel.EventChannelWorker`1/<StopAsync>d__15::MoveNext()
FNDA:0,System.Void SNS.EventChannel.EventChannelWorker`1/<StopAsync>d__15::MoveNext()
DA:234,0
DA:235,0
DA:238,0
DA:239,0
DA:240,0
DA:241,0
DA:242,0
DA:245,0
DA:246,0
DA:248,0
DA:249,0
DA:250,0
DA:251,0
DA:252,0
DA:254,0
DA:255,0
DA:256,0
DA:257,0
DA:258,0
DA:259,0
DA:260,0
BRDA:238,58,0,0
BRDA:238,58,1,0
BRDA:245,112,0,0
BRDA:245,112,1,0
LF:147
LH:0
BRF:38
BRH:0
FNF:11
FNH:0
end_of_record
SF:/workspaces/dotnet-2/SNS.EventChannel/EventRaiser.cs
FN:42,System.Void SNS.EventChannel.EventRaiser::RegisterChannel(SNS.EventChannel.EventChannel`1<T>)
FNDA:0,System.Void SNS.EventChannel.EventRaiser::RegisterChannel(SNS.EventChannel.EventChannel`1<T>)
DA:43,0
DA:44,0
DA:45,0
DA:46,0
DA:47,0
FN:16,System.Void SNS.EventChannel.EventRaiser::.ctor(System.Collections.Generic.IEnumerable`1<SNS.EventChannel.IEventChannel>,Microsoft.Extensions.Logging.ILogger`1<SNS.EventChannel.EventRaiser>)
FNDA:0,System.Void SNS.EventChannel.EventRaiser::.ctor(System.Collections.Generic.IEnumerable`1<SNS.EventChannel.IEventChannel>,Microsoft.Extensions.Logging.ILogger`1<SNS.EventChannel.EventRaiser>)
DA:17,0
DA:25,0
DA:26,0
DA:27,0
DA:30,0
DA:31,0
DA:32,0
DA:33,0
DA:34,0
DA:35,0
BRDA:27,22,0,0
BRDA:27,22,1,0
BRDA:30,87,1,0
BRDA:30,87,0,0
FN:56,System.Void SNS.EventChannel.EventRaiser/<RaiseEvent>d__4`1::MoveNext()
FNDA:0,System.Void SNS.EventChannel.EventRaiser/<RaiseEvent>d__4`1::MoveNext()
DA:57,0
DA:58,0
DA:59,0
DA:60,0
DA:63,0
DA:65,0
DA:66,0
DA:67,0
DA:68,0
DA:71,0
DA:72,0
DA:73,0
DA:76,0
DA:77,0
DA:78,0
DA:79,0
BRDA:58,34,0,0
BRDA:58,34,1,0
BRDA:65,97,0,0
BRDA:65,97,1,0
BRDA:71,179,0,0
BRDA:71,179,1,0
FN:88,System.Void SNS.EventChannel.EventRaiser/<RaiseEvents>d__5`1::MoveNext()
FNDA:0,System.Void SNS.EventChannel.EventRaiser/<RaiseEvents>d__5`1::MoveNext()
DA:89,0
DA:90,0
DA:92,0
DA:93,0
DA:94,0
DA:95,0
DA:98,0
DA:99,0
DA:100,0
DA:101,0
DA:104,0
DA:105,0
DA:106,0
BRDA:92,67,0,0
BRDA:92,67,1,0
BRDA:98,145,0,0
BRDA:98,145,1,0
LF:44
LH:0
BRF:14
BRH:0
FNF:4
FNH:0
end_of_record